  compilation object save succeeded; see C:\Users\user\Downloads\Pac-Man-master\Pac-Man-master\bin\PS_UI.cso
  compilation object save succeeded; see C:\Users\user\Downloads\Pac-Man-master\Pac-Man-master\bin\GS_Billboard.cso
  compilation object save succeeded; see C:\Users\user\Downloads\Pac-Man-master\Pac-Man-master\bin\PS_Color.cso
  compilation object save succeeded; see C:\Users\user\Downloads\Pac-Man-master\Pac-Man-master\bin\PS_Phong.cso
  compilation object save succeeded; see C:\Users\user\Downloads\Pac-Man-master\Pac-Man-master\bin\PS_Texture.cso
  compilation object save succeeded; see C:\Users\user\Downloads\Pac-Man-master\Pac-Man-master\bin\VS_Indexed.cso
  compilation object save succeeded; see C:\Users\user\Downloads\Pac-Man-master\Pac-Man-master\bin\VS_Instanced.cso
  compilation object save succeeded; see C:\Users\user\Downloads\Pac-Man-master\Pac-Man-master\bin\VS_UI.cso
  pch.cpp
  PS_OneCB.cpp
  Caption.cpp
  Ghost.cpp
  Character.cpp
C:\Users\user\Downloads\Pac-Man-master\Pac-Man-master\Pacman\Sources\Character.cpp(194): warning C4244: '=': 'double' から 'float' への変換です。データが失われる可能性があります。
C:\Users\user\Downloads\Pac-Man-master\Pac-Man-master\Pacman\Sources\Character.cpp(195): warning C4244: '=': 'double' から 'float' への変換です。データが失われる可能性があります。
  Camera.cpp
C:\Users\user\Downloads\Pac-Man-master\Pac-Man-master\Pacman\Sources\Camera.cpp(109): warning C4244: '初期化中': 'double' から 'float' への変換です。データが失われる可能性があります。
C:\Users\user\Downloads\Pac-Man-master\Pac-Man-master\Pacman\Sources\Camera.cpp(109): warning C4244: '初期化中': 'double' から 'const float' への変換です。データが失われる可能性があります。
C:\Users\user\Downloads\Pac-Man-master\Pac-Man-master\Pacman\Sources\Camera.cpp(111): warning C4244: '=': 'double' から 'float' への変換です。データが失われる可能性があります。
C:\Users\user\Downloads\Pac-Man-master\Pac-Man-master\Pacman\Sources\Camera.cpp(116): warning C4244: '=': 'double' から 'float' への変換です。データが失われる可能性があります。
  Dots.cpp
  Game.cpp
  Main.cpp
  GS_General.cpp
  PS_General.cpp
  ShaderManager.cpp
  VS_Indexed.cpp
  VS_Instanced.cpp
  World.cpp
     ライブラリ C:\Users\user\Downloads\Pac-Man-master\Pac-Man-master\bin\Pacman.lib とオブジェクト C:\Users\user\Downloads\Pac-Man-master\Pac-Man-master\bin\Pacman.exp を作成中
  コード生成しています。
  1030 of 1036 functions (99.4%) were compiled, the rest were copied from previous compilation.
    2 functions were new in current compilation
    0 functions had inline decision re-evaluated but remain unchanged
  コード生成が終了しました。
  Pacman.vcxproj -> C:\Users\user\Downloads\Pac-Man-master\Pac-Man-master\bin\Pacman.exe
